<?xml version="1.0" encoding="UTF-8"?>
<!-- Generated by org.testng.reporters.JUnitReportReporter -->
<testsuite hostname="DESKTOP-720IL86" failures="0" tests="1" name="CRUDWithBDD.readEmpDetailsWithDeserialization" time="0.405" errors="0" timestamp="2023-09-25T15:52:26 IST" skipped="0">
  <testcase classname="CRUDWithBDD.readEmpDetailsWithDeserialization" name="read" time="0.405"/>
  <system-out/>
</testsuite> <!-- CRUDWithBDD.readEmpDetailsWithDeserialization -->
