<?xml version="1.0" encoding="UTF-8"?>
<!-- Generated by org.testng.reporters.JUnitReportReporter -->
<testsuite hostname="DESKTOP-720IL86" failures="0" tests="1" name="CrudWithoutBDD.getSingleProj" time="4.956" errors="0" timestamp="2023-09-13T15:14:09 IST" skipped="0">
  <testcase classname="CrudWithoutBDD.getSingleProj" name="getSingleProjTest" time="4.956"/>
  <system-out/>
</testsuite> <!-- CrudWithoutBDD.getSingleProj -->
