<?xml version="1.0" encoding="UTF-8"?>
<!-- Generated by org.testng.reporters.JUnitReportReporter -->
<testsuite hostname="DESKTOP-720IL86" failures="0" tests="1" name="CrudWithoutBDD.createProjInRecrus" time="6.019" errors="0" timestamp="2023-09-13T17:31:21 IST" skipped="0">
  <testcase classname="CrudWithoutBDD.createProjInRecrus" name="createProj" time="6.019"/>
  <system-out/>
</testsuite> <!-- CrudWithoutBDD.createProjInRecrus -->
