<?xml version="1.0" encoding="UTF-8"?>
<!-- Generated by org.testng.reporters.JUnitReportReporter -->
<testsuite hostname="DESKTOP-720IL86" failures="0" tests="1" name="CRUDWithBDD.updateProj" time="5.232" errors="0" timestamp="2023-09-13T17:14:19 IST" skipped="0">
  <testcase classname="CRUDWithBDD.updateProj" name="update" time="5.232"/>
  <system-out/>
</testsuite> <!-- CRUDWithBDD.updateProj -->
