<?xml version="1.0" encoding="UTF-8"?>
<!-- Generated by org.testng.reporters.JUnitReportReporter -->
<testsuite hostname="DESKTOP-720IL86" failures="0" tests="1" name="CRUDWithBDD.getAllProj" time="14.778" errors="0" timestamp="2023-09-13T16:35:25 IST" skipped="0">
  <testcase classname="CRUDWithBDD.getAllProj" name="getAll" time="14.778"/>
  <system-out/>
</testsuite> <!-- CRUDWithBDD.getAllProj -->
