<?xml version="1.0" encoding="UTF-8"?>
<!-- Generated by org.testng.reporters.JUnitReportReporter -->
<testsuite hostname="DESKTOP-720IL86" failures="0" tests="1" name="CRUDWithBDD.toCheckTheResponseIsInArrayOfObjectOrNot" time="44.940" errors="0" timestamp="2023-09-20T15:36:16 IST" skipped="0">
  <testcase classname="CRUDWithBDD.toCheckTheResponseIsInArrayOfObjectOrNot" name="get" time="44.940"/>
  <system-out/>
</testsuite> <!-- CRUDWithBDD.toCheckTheResponseIsInArrayOfObjectOrNot -->
