<?xml version="1.0" encoding="UTF-8"?>
<!-- Generated by org.testng.reporters.JUnitReportReporter -->
<testsuite hostname="DESKTOP-720IL86" failures="0" tests="1" name="CRUDWithBDD.deleteProj" time="3.161" errors="0" timestamp="2023-09-13T17:17:33 IST" skipped="0">
  <testcase classname="CRUDWithBDD.deleteProj" name="deleteProjTest" time="3.161"/>
  <system-out/>
</testsuite> <!-- CRUDWithBDD.deleteProj -->
