<?xml version="1.0" encoding="UTF-8"?>
<!-- Generated by org.testng.reporters.JUnitReportReporter -->
<testsuite hostname="DESKTOP-720IL86" failures="0" tests="3" name="CRUDWithBDD.DDTesting" time="4.775" errors="0" timestamp="2023-09-15T11:16:00 IST" skipped="0">
  <testcase classname="CRUDWithBDD.DDTesting" name="createProject" time="0.364"/>
  <system-out/>
  <testcase classname="CRUDWithBDD.DDTesting" name="createProject" time="4.225"/>
  <system-out/>
  <testcase classname="CRUDWithBDD.DDTesting" name="createProject" time="0.186"/>
  <system-out/>
</testsuite> <!-- CRUDWithBDD.DDTesting -->
