<?xml version="1.0" encoding="UTF-8"?>
<!-- Generated by org.testng.reporters.JUnitReportReporter -->
<testsuite hostname="DESKTOP-720IL86" failures="0" tests="3" name="CRUDWithBDD.fetchDataProviderInfoInAnotherClass" time="4.155" errors="0" timestamp="2023-09-15T11:29:08 IST" skipped="0">
  <testcase classname="CRUDWithBDD.fetchDataProviderInfoInAnotherClass" name="createProject" time="0.188"/>
  <system-out/>
  <testcase classname="CRUDWithBDD.fetchDataProviderInfoInAnotherClass" name="createProject" time="0.159"/>
  <system-out/>
  <testcase classname="CRUDWithBDD.fetchDataProviderInfoInAnotherClass" name="createProject" time="3.808"/>
  <system-out/>
</testsuite> <!-- CRUDWithBDD.fetchDataProviderInfoInAnotherClass -->
