<?xml version="1.0" encoding="UTF-8"?>
<!-- Generated by org.testng.reporters.JUnitReportReporter -->
<testsuite hostname="DESKTOP-720IL86" failures="0" tests="1" name="CRUDWithBDD.createProjUsingPOJO" time="3.719" errors="0" timestamp="2023-09-14T11:21:14 IST" skipped="0">
  <testcase classname="CRUDWithBDD.createProjUsingPOJO" name="createProj" time="3.719"/>
  <system-out/>
</testsuite> <!-- CRUDWithBDD.createProjUsingPOJO -->
