<?xml version="1.0" encoding="UTF-8"?>
<!-- Generated by org.testng.reporters.JUnitReportReporter -->
<testsuite hostname="DESKTOP-720IL86" failures="0" tests="1" name="CRUDWithBDD.requestChaining" time="8.219" errors="0" timestamp="2023-09-20T11:00:22 IST" skipped="0">
  <testcase classname="CRUDWithBDD.requestChaining" name="requestChaining" time="8.219"/>
  <system-out/>
</testsuite> <!-- CRUDWithBDD.requestChaining -->
