<?xml version="1.0" encoding="UTF-8"?>
<!-- Generated by org.testng.reporters.JUnitReportReporter -->
<testsuite hostname="DESKTOP-720IL86" failures="0" tests="1" name="RequestAndResponseSpecBuilder.requestAndResponseSpecBuilderTest" time="5.231" errors="0" timestamp="2023-09-20T11:09:27 IST" skipped="0">
  <testcase classname="RequestAndResponseSpecBuilder.requestAndResponseSpecBuilderTest" name="createProjUsingReqAndRespSpecBuilder" time="5.231"/>
  <system-out/>
</testsuite> <!-- RequestAndResponseSpecBuilder.requestAndResponseSpecBuilderTest -->
