<?xml version="1.0" encoding="UTF-8"?>
<!-- Generated by org.testng.reporters.JUnitReportReporter -->
<testsuite hostname="DESKTOP-720IL86" failures="0" tests="1" name="SchemaValidation.jsonSchemaValidation" time="4.710" errors="0" timestamp="2023-09-19T15:55:19 IST" skipped="0">
  <testcase classname="SchemaValidation.jsonSchemaValidation" name="jsonSchema" time="4.710"/>
  <system-out/>
</testsuite> <!-- SchemaValidation.jsonSchemaValidation -->
