<?xml version="1.0" encoding="UTF-8"?>
<!-- Generated by org.testng.reporters.JUnitReportReporter -->
<testsuite hostname="DESKTOP-720IL86" failures="0" tests="1" name="CrudWithoutBDD.CreateProject" time="7.904" errors="0" timestamp="2023-09-13T14:44:49 IST" skipped="0">
  <testcase classname="CrudWithoutBDD.CreateProject" name="createProjTest" time="7.904"/>
  <system-out/>
</testsuite> <!-- CrudWithoutBDD.CreateProject -->
