<?xml version="1.0" encoding="UTF-8"?>
<!-- Generated by org.testng.reporters.JUnitReportReporter -->
<testsuite hostname="DESKTOP-720IL86" failures="0" tests="1" name="ByUsingGenericLibreries.getProj" time="8.714" errors="0" timestamp="2023-09-21T17:22:23 IST" skipped="0">
  <testcase classname="ByUsingGenericLibreries.getProj" name="createUsingApiGetUsingGUI" time="8.714"/>
  <system-out/>
</testsuite> <!-- ByUsingGenericLibreries.getProj -->
