<?xml version="1.0" encoding="UTF-8"?>
<!-- Generated by org.testng.reporters.JUnitReportReporter -->
<testsuite hostname="DESKTOP-720IL86" failures="0" tests="1" name="CrudWithoutBDD.getAllProj" time="19.582" errors="0" timestamp="2023-09-13T13:15:29 IST" skipped="0">
  <testcase classname="CrudWithoutBDD.getAllProj" name="getAllProjTest" time="19.582"/>
  <system-out/>
</testsuite> <!-- CrudWithoutBDD.getAllProj -->
