<?xml version="1.0" encoding="UTF-8"?>
<!-- Generated by org.testng.reporters.JUnitReportReporter -->
<testsuite hostname="DESKTOP-720IL86" failures="0" tests="1" name="CRUDWithBDD.basicAuthEg" time="3.463" errors="0" timestamp="2023-09-15T12:41:01 IST" skipped="0">
  <testcase classname="CRUDWithBDD.basicAuthEg" name="digestiveAuth" time="3.463"/>
  <system-out/>
</testsuite> <!-- CRUDWithBDD.basicAuthEg -->
