<?xml version="1.0" encoding="UTF-8"?>
<!-- Generated by org.testng.reporters.JUnitReportReporter -->
<testsuite hostname="DESKTOP-720IL86" failures="0" tests="1" name="CRUDWithBDD.CreateProjTest" time="2.932" errors="0" timestamp="2023-09-22T15:12:11 IST" skipped="0">
  <testcase classname="CRUDWithBDD.CreateProjTest" name="asdf" time="2.932"/>
  <system-out/>
</testsuite> <!-- CRUDWithBDD.CreateProjTest -->
