<?xml version="1.0" encoding="UTF-8"?>
<!-- Generated by org.testng.reporters.JUnitReportReporter -->
<testsuite hostname="DESKTOP-720IL86" failures="0" tests="1" name="CoopsApi.postToken" time="6.365" errors="0" timestamp="2023-09-15T17:36:58 IST" skipped="0">
  <testcase classname="CoopsApi.postToken" name="get" time="6.365"/>
  <system-out/>
</testsuite> <!-- CoopsApi.postToken -->
