<?xml version="1.0" encoding="UTF-8"?>
<!-- Generated by org.testng.reporters.JUnitReportReporter -->
<testsuite hostname="DESKTOP-720IL86" failures="0" tests="1" name="CRUDWithBDD.dataMasking" time="10.528" errors="0" timestamp="2023-09-20T16:04:43 IST" skipped="0">
  <testcase classname="CRUDWithBDD.dataMasking" name="dataMaskingTest" time="10.528"/>
  <system-out/>
</testsuite> <!-- CRUDWithBDD.dataMasking -->
