<?xml version="1.0" encoding="UTF-8"?>
<!-- Generated by org.testng.reporters.JUnitReportReporter -->
<testsuite hostname="DESKTOP-720IL86" failures="0" tests="1" name="CRUDWithBDD.pathParameter" time="15.039" errors="0" timestamp="2023-09-14T16:04:58 IST" skipped="0">
  <testcase classname="CRUDWithBDD.pathParameter" name="queryParameter" time="15.039"/>
  <system-out/>
</testsuite> <!-- CRUDWithBDD.pathParameter -->
