<?xml version="1.0" encoding="UTF-8"?>
<!-- Generated by org.testng.reporters.JUnitReportReporter -->
<testsuite hostname="DESKTOP-720IL86" failures="0" tests="1" name="ByUsingGenericLibreries.CreateProj" time="19.674" errors="0" timestamp="2023-09-20T13:26:38 IST" skipped="0">
  <testcase classname="ByUsingGenericLibreries.CreateProj" name="create" time="19.674"/>
  <system-out/>
</testsuite> <!-- ByUsingGenericLibreries.CreateProj -->
