<?xml version="1.0" encoding="UTF-8"?>
<!-- Generated by org.testng.reporters.JUnitReportReporter -->
<testsuite hostname="DESKTOP-720IL86" failures="0" tests="1" name="SchemaValidation.responseHeaderValidation" time="3.028" errors="0" timestamp="2023-09-19T16:19:54 IST" skipped="0">
  <testcase classname="SchemaValidation.responseHeaderValidation" name="validation" time="3.028"/>
  <system-out/>
</testsuite> <!-- SchemaValidation.responseHeaderValidation -->
