<?xml version="1.0" encoding="UTF-8"?>
<!-- Generated by org.testng.reporters.JUnitReportReporter -->
<testsuite hostname="DESKTOP-E6GEFDQ" failures="0" tests="1" name="CRUDWithBDD.recrussEg" time="3.516" errors="0" timestamp="2023-10-28T08:21:23 IST" skipped="0">
  <testcase classname="CRUDWithBDD.recrussEg" name="getAll" time="3.516"/>
  <system-out/>
</testsuite> <!-- CRUDWithBDD.recrussEg -->
