<?xml version="1.0" encoding="UTF-8"?>
<!-- Generated by org.testng.reporters.JUnitReportReporter -->
<testsuite hostname="DESKTOP-720IL86" failures="0" tests="1" name="CRUDWithBDD.createEmpWithSerialization" time="1.643" errors="0" timestamp="2023-09-19T14:56:18 IST" skipped="0">
  <testcase classname="CRUDWithBDD.createEmpWithSerialization" name="createWithArrayInsideArray" time="1.643"/>
  <system-out/>
</testsuite> <!-- CRUDWithBDD.createEmpWithSerialization -->
