<?xml version="1.0" encoding="UTF-8"?>
<!-- Generated by org.testng.reporters.JUnitReportReporter -->
<testsuite hostname="DESKTOP-720IL86" failures="0" tests="1" name="CRUDWithBDD.getOneProj" time="3.185" errors="0" timestamp="2023-09-13T16:37:19 IST" skipped="0">
  <testcase classname="CRUDWithBDD.getOneProj" name="getOne" time="3.185"/>
  <system-out/>
</testsuite> <!-- CRUDWithBDD.getOneProj -->
