<?xml version="1.0" encoding="UTF-8"?>
<!-- Generated by org.testng.reporters.JUnitReportReporter -->
<testsuite hostname="DESKTOP-720IL86" failures="0" tests="1" name="ByUsingGenericLibreries.allActionsInOneShot" time="11.743" errors="0" timestamp="2023-09-22T13:37:06 IST" skipped="0">
  <testcase classname="ByUsingGenericLibreries.allActionsInOneShot" name="asdf" time="11.743"/>
  <system-out/>
</testsuite> <!-- ByUsingGenericLibreries.allActionsInOneShot -->
