<?xml version="1.0" encoding="UTF-8"?>
<!-- Generated by org.testng.reporters.JUnitReportReporter -->
<testsuite hostname="DESKTOP-720IL86" failures="0" tests="1" name="CRUDWithBDD.createProjUsingHashMap" time="3.870" errors="0" timestamp="2023-09-14T12:15:32 IST" skipped="0">
  <testcase classname="CRUDWithBDD.createProjUsingHashMap" name="createProj" time="3.870"/>
  <system-out/>
</testsuite> <!-- CRUDWithBDD.createProjUsingHashMap -->
